app/build/outputs/logs/manifest-merger-debug-report.txt
-- Merging decision tree log ---
manifest
ADDED from src/main/AndroidManifest.xml:2:1-33:12
	package
		ADDED from src/main/AndroidManifest.xml:3:5-26
		INJECTED from src/main/AndroidManifest.xml
		INJECTED from src/main/AndroidManifest.xml
	android:versionName
		ADDED from src/main/AndroidManifest.xml:5:5-30
		INJECTED from src/main/AndroidManifest.xml
		INJECTED from src/main/AndroidManifest.xml
	android:versionCode
		ADDED from src/main/AndroidManifest.xml:4:5-28
		INJECTED from src/main/AndroidManifest.xml
		INJECTED from src/main/AndroidManifest.xml
	xmlns:android
		ADDED from src/main/AndroidManifest.xml:2:11-69
uses-sdk
ADDED from src/main/AndroidManifest.xml:7:5-9:41
	android:targetSdkVersion
		ADDED from src/main/AndroidManifest.xml:9:9-38
		INJECTED from src/main/AndroidManifest.xml
		INJECTED from src/main/AndroidManifest.xml
	android:minSdkVersion
		ADDED from src/main/AndroidManifest.xml:8:9-34
		INJECTED from src/main/AndroidManifest.xml
		INJECTED from src/main/AndroidManifest.xml
application
ADDED from src/main/AndroidManifest.xml:11:5-27:19
	android:label
		ADDED from src/main/AndroidManifest.xml:14:9-41
	android:allowBackup
		ADDED from src/main/AndroidManifest.xml:12:9-35
	android:icon
		ADDED from src/main/AndroidManifest.xml:13:9-45
	android:theme
		ADDED from src/main/AndroidManifest.xml:15:9-40
activity#com.reserva.MainActivity
ADDED from src/main/AndroidManifest.xml:16:9-24:20
	android:label
		ADDED from src/main/AndroidManifest.xml:18:13-45
	android:name
		ADDED from src/main/AndroidManifest.xml:17:13-52
intent-filter#android.intent.action.MAIN+android.intent.category.LAUNCHER
ADDED from src/main/AndroidManifest.xml:19:13-23:29
action#android.intent.action.MAIN
ADDED from src/main/AndroidManifest.xml:20:17-69
	android:name
		ADDED from src/main/AndroidManifest.xml:20:25-66
category#android.intent.category.LAUNCHER
ADDED from src/main/AndroidManifest.xml:22:17-77
	android:name
		ADDED from src/main/AndroidManifest.xml:22:27-74
activity#com.reserva.Actividad2
ADDED from src/main/AndroidManifest.xml:25:9-26:20
	android:name
		ADDED from src/main/AndroidManifest.xml:25:19-56
uses-permission#android.permission.WRITE_EXTERNAL_STORAGE
ADDED from src/main/AndroidManifest.xml:29:5-81
	android:name
		ADDED from src/main/AndroidManifest.xml:29:22-78
uses-permission#android.permission.READ_EXTERNAL_STORAGE
ADDED from src/main/AndroidManifest.xml:30:5-79
	android:name
		ADDED from src/main/AndroidManifest.xml:30:22-77
uses-permission#android.permission.MODE_WORLD_READABLE
ADDED from src/main/AndroidManifest.xml:31:5-78
	android:name
		ADDED from src/main/AndroidManifest.xml:31:22-75
uses-permission#android.permission.MODE_WORLD_WRITABLE
ADDED from src/main/AndroidManifest.xml:32:5-78
	android:name
		ADDED from src/main/AndroidManifest.xml:32:22-75